{"/Users/harryclemente/dev/Mosh/Redux/redux-starter/src/math.js": {"path":"/Users/harryclemente/dev/Mosh/Redux/redux-starter/src/math.js","statementMap":{"0":{"start":{"line":1,"column":22},"end":{"line":1,"column":48}},"1":{"start":{"line":1,"column":32},"end":{"line":1,"column":48}}},"fnMap":{"0":{"name":"(anonymous_0)","decl":{"start":{"line":1,"column":22},"end":{"line":1,"column":23}},"loc":{"start":{"line":1,"column":32},"end":{"line":1,"column":48}},"line":1}},"branchMap":{},"s":{"0":1,"1":2},"f":{"0":2},"b":{},"_coverageSchema":"1a1c01bbd47fc00a2c39e90264f33305004495a9","hash":"02e13935f89c1a565f092150ae32d5c5ef811a96"}
,"/Users/harryclemente/dev/Mosh/Redux/redux-starter/src/store/api.js": {"path":"/Users/harryclemente/dev/Mosh/Redux/redux-starter/src/store/api.js","statementMap":{"0":{"start":{"line":3,"column":28},"end":{"line":3,"column":57}},"1":{"start":{"line":4,"column":30},"end":{"line":4,"column":61}},"2":{"start":{"line":5,"column":29},"end":{"line":5,"column":59}}},"fnMap":{},"branchMap":{},"s":{"0":1,"1":1,"2":1},"f":{},"b":{},"_coverageSchema":"1a1c01bbd47fc00a2c39e90264f33305004495a9","hash":"9eb7ecf6f2afb8f1a24304e3957e83654958e2b1"}
,"/Users/harryclemente/dev/Mosh/Redux/redux-starter/src/store/bugs.js": {"path":"/Users/harryclemente/dev/Mosh/Redux/redux-starter/src/store/bugs.js","statementMap":{"0":{"start":{"line":11,"column":14},"end":{"line":52,"column":2}},"1":{"start":{"line":20,"column":6},"end":{"line":20,"column":26}},"2":{"start":{"line":25,"column":6},"end":{"line":25,"column":33}},"3":{"start":{"line":26,"column":6},"end":{"line":26,"column":27}},"4":{"start":{"line":27,"column":6},"end":{"line":27,"column":34}},"5":{"start":{"line":31,"column":6},"end":{"line":31,"column":27}},"6":{"start":{"line":36,"column":36},"end":{"line":36,"column":50}},"7":{"start":{"line":37,"column":20},"end":{"line":37,"column":64}},"8":{"start":{"line":37,"column":47},"end":{"line":37,"column":63}},"9":{"start":{"line":38,"column":6},"end":{"line":38,"column":39}},"10":{"start":{"line":44,"column":6},"end":{"line":44,"column":37}},"11":{"start":{"line":48,"column":20},"end":{"line":48,"column":76}},"12":{"start":{"line":48,"column":47},"end":{"line":48,"column":75}},"13":{"start":{"line":49,"column":6},"end":{"line":49,"column":39}},"14":{"start":{"line":62,"column":4},"end":{"line":62,"column":17}},"15":{"start":{"line":69,"column":12},"end":{"line":69,"column":19}},"16":{"start":{"line":71,"column":24},"end":{"line":85,"column":1}},"17":{"start":{"line":71,"column":30},"end":{"line":85,"column":1}},"18":{"start":{"line":72,"column":24},"end":{"line":72,"column":48}},"19":{"start":{"line":74,"column":24},"end":{"line":74,"column":67}},"20":{"start":{"line":75,"column":2},"end":{"line":75,"column":33}},"21":{"start":{"line":75,"column":26},"end":{"line":75,"column":33}},"22":{"start":{"line":77,"column":2},"end":{"line":84,"column":3}},"23":{"start":{"line":98,"column":22},"end":{"line":104,"column":2}},"24":{"start":{"line":99,"column":2},"end":{"line":104,"column":2}},"25":{"start":{"line":106,"column":26},"end":{"line":113,"column":2}},"26":{"start":{"line":106,"column":32},"end":{"line":113,"column":2}},"27":{"start":{"line":122,"column":31},"end":{"line":127,"column":2}},"28":{"start":{"line":122,"column":50},"end":{"line":127,"column":2}},"29":{"start":{"line":135,"column":33},"end":{"line":139,"column":1}},"30":{"start":{"line":136,"column":11},"end":{"line":136,"column":30}},"31":{"start":{"line":137,"column":11},"end":{"line":137,"column":34}},"32":{"start":{"line":138,"column":22},"end":{"line":138,"column":60}},"33":{"start":{"line":138,"column":46},"end":{"line":138,"column":59}},"34":{"start":{"line":141,"column":29},"end":{"line":144,"column":1}},"35":{"start":{"line":141,"column":39},"end":{"line":144,"column":1}},"36":{"start":{"line":142,"column":11},"end":{"line":142,"column":30}},"37":{"start":{"line":143,"column":10},"end":{"line":143,"column":51}},"38":{"start":{"line":143,"column":29},"end":{"line":143,"column":50}}},"fnMap":{"0":{"name":"(anonymous_0)","decl":{"start":{"line":19,"column":19},"end":{"line":19,"column":20}},"loc":{"start":{"line":19,"column":38},"end":{"line":21,"column":5}},"line":19},"1":{"name":"(anonymous_1)","decl":{"start":{"line":23,"column":18},"end":{"line":23,"column":19}},"loc":{"start":{"line":23,"column":36},"end":{"line":28,"column":5}},"line":23},"2":{"name":"(anonymous_2)","decl":{"start":{"line":30,"column":23},"end":{"line":30,"column":24}},"loc":{"start":{"line":30,"column":41},"end":{"line":32,"column":5}},"line":30},"3":{"name":"(anonymous_3)","decl":{"start":{"line":35,"column":23},"end":{"line":35,"column":24}},"loc":{"start":{"line":35,"column":41},"end":{"line":39,"column":5}},"line":35},"4":{"name":"(anonymous_4)","decl":{"start":{"line":37,"column":40},"end":{"line":37,"column":41}},"loc":{"start":{"line":37,"column":47},"end":{"line":37,"column":63}},"line":37},"5":{"name":"(anonymous_5)","decl":{"start":{"line":43,"column":14},"end":{"line":43,"column":15}},"loc":{"start":{"line":43,"column":32},"end":{"line":45,"column":5}},"line":43},"6":{"name":"(anonymous_6)","decl":{"start":{"line":47,"column":17},"end":{"line":47,"column":18}},"loc":{"start":{"line":47,"column":35},"end":{"line":50,"column":5}},"line":47},"7":{"name":"(anonymous_7)","decl":{"start":{"line":48,"column":40},"end":{"line":48,"column":41}},"loc":{"start":{"line":48,"column":47},"end":{"line":48,"column":75}},"line":48},"8":{"name":"(anonymous_8)","decl":{"start":{"line":71,"column":24},"end":{"line":71,"column":25}},"loc":{"start":{"line":71,"column":30},"end":{"line":85,"column":1}},"line":71},"9":{"name":"(anonymous_9)","decl":{"start":{"line":71,"column":30},"end":{"line":71,"column":31}},"loc":{"start":{"line":71,"column":54},"end":{"line":85,"column":1}},"line":71},"10":{"name":"(anonymous_10)","decl":{"start":{"line":98,"column":22},"end":{"line":98,"column":23}},"loc":{"start":{"line":99,"column":2},"end":{"line":104,"column":2}},"line":99},"11":{"name":"(anonymous_11)","decl":{"start":{"line":106,"column":26},"end":{"line":106,"column":27}},"loc":{"start":{"line":106,"column":32},"end":{"line":113,"column":2}},"line":106},"12":{"name":"(anonymous_12)","decl":{"start":{"line":122,"column":31},"end":{"line":122,"column":32}},"loc":{"start":{"line":122,"column":50},"end":{"line":127,"column":2}},"line":122},"13":{"name":"(anonymous_13)","decl":{"start":{"line":136,"column":2},"end":{"line":136,"column":3}},"loc":{"start":{"line":136,"column":11},"end":{"line":136,"column":30}},"line":136},"14":{"name":"(anonymous_14)","decl":{"start":{"line":137,"column":2},"end":{"line":137,"column":3}},"loc":{"start":{"line":137,"column":11},"end":{"line":137,"column":34}},"line":137},"15":{"name":"(anonymous_15)","decl":{"start":{"line":138,"column":2},"end":{"line":138,"column":3}},"loc":{"start":{"line":138,"column":22},"end":{"line":138,"column":60}},"line":138},"16":{"name":"(anonymous_16)","decl":{"start":{"line":138,"column":39},"end":{"line":138,"column":40}},"loc":{"start":{"line":138,"column":46},"end":{"line":138,"column":59}},"line":138},"17":{"name":"(anonymous_17)","decl":{"start":{"line":141,"column":29},"end":{"line":141,"column":30}},"loc":{"start":{"line":141,"column":39},"end":{"line":144,"column":1}},"line":141},"18":{"name":"(anonymous_18)","decl":{"start":{"line":142,"column":2},"end":{"line":142,"column":3}},"loc":{"start":{"line":142,"column":11},"end":{"line":142,"column":30}},"line":142},"19":{"name":"(anonymous_19)","decl":{"start":{"line":143,"column":2},"end":{"line":143,"column":3}},"loc":{"start":{"line":143,"column":10},"end":{"line":143,"column":51}},"line":143},"20":{"name":"(anonymous_20)","decl":{"start":{"line":143,"column":22},"end":{"line":143,"column":23}},"loc":{"start":{"line":143,"column":29},"end":{"line":143,"column":50}},"line":143}},"branchMap":{"0":{"loc":{"start":{"line":75,"column":2},"end":{"line":75,"column":33}},"type":"if","locations":[{"start":{"line":75,"column":2},"end":{"line":75,"column":33}},{"start":{"line":75,"column":2},"end":{"line":75,"column":33}}],"line":75}},"s":{"0":1,"1":0,"2":0,"3":0,"4":0,"5":0,"6":0,"7":0,"8":0,"9":0,"10":3,"11":1,"12":1,"13":1,"14":1,"15":1,"16":1,"17":0,"18":0,"19":0,"20":0,"21":0,"22":0,"23":1,"24":4,"25":1,"26":2,"27":1,"28":0,"29":1,"30":1,"31":1,"32":1,"33":3,"34":1,"35":0,"36":0,"37":0,"38":0},"f":{"0":0,"1":0,"2":0,"3":0,"4":0,"5":3,"6":1,"7":1,"8":0,"9":0,"10":4,"11":2,"12":0,"13":1,"14":1,"15":1,"16":3,"17":0,"18":0,"19":0,"20":0},"b":{"0":[0,0]},"_coverageSchema":"1a1c01bbd47fc00a2c39e90264f33305004495a9","hash":"c80eacb01d61bd719bc7738e3c2bf219f8c253ba"}
,"/Users/harryclemente/dev/Mosh/Redux/redux-starter/src/store/configureStore.js": {"path":"/Users/harryclemente/dev/Mosh/Redux/redux-starter/src/store/configureStore.js","statementMap":{"0":{"start":{"line":13,"column":2},"end":{"line":22,"column":4}}},"fnMap":{"0":{"name":"configureAppStore","decl":{"start":{"line":12,"column":24},"end":{"line":12,"column":41}},"loc":{"start":{"line":12,"column":45},"end":{"line":23,"column":1}},"line":12}},"branchMap":{},"s":{"0":4},"f":{"0":4},"b":{},"_coverageSchema":"1a1c01bbd47fc00a2c39e90264f33305004495a9","hash":"47cba0bab54565f0565f38c6e1528821503a3ce2"}
,"/Users/harryclemente/dev/Mosh/Redux/redux-starter/src/store/entities.js": {"path":"/Users/harryclemente/dev/Mosh/Redux/redux-starter/src/store/entities.js","statementMap":{},"fnMap":{},"branchMap":{},"s":{},"f":{},"b":{},"_coverageSchema":"1a1c01bbd47fc00a2c39e90264f33305004495a9","hash":"39881b0db8ecea107df2a22c5a20960fd945425f"}
,"/Users/harryclemente/dev/Mosh/Redux/redux-starter/src/store/projects.js": {"path":"/Users/harryclemente/dev/Mosh/Redux/redux-starter/src/store/projects.js","statementMap":{"0":{"start":{"line":3,"column":13},"end":{"line":3,"column":14}},"1":{"start":{"line":5,"column":14},"end":{"line":17,"column":2}},"2":{"start":{"line":11,"column":6},"end":{"line":14,"column":9}},"3":{"start":{"line":19,"column":32},"end":{"line":19,"column":45}}},"fnMap":{"0":{"name":"(anonymous_0)","decl":{"start":{"line":10,"column":18},"end":{"line":10,"column":19}},"loc":{"start":{"line":10,"column":40},"end":{"line":15,"column":5}},"line":10}},"branchMap":{},"s":{"0":1,"1":1,"2":0,"3":1},"f":{"0":0},"b":{},"_coverageSchema":"1a1c01bbd47fc00a2c39e90264f33305004495a9","hash":"92726e78a96f77c3470e0ba02e6c274a5dff5e9e"}
,"/Users/harryclemente/dev/Mosh/Redux/redux-starter/src/store/reducer.js": {"path":"/Users/harryclemente/dev/Mosh/Redux/redux-starter/src/store/reducer.js","statementMap":{},"fnMap":{},"branchMap":{},"s":{},"f":{},"b":{},"_coverageSchema":"1a1c01bbd47fc00a2c39e90264f33305004495a9","hash":"951e601a0f6bbf1cfe17e79f7aa2c391a9eae422"}
,"/Users/harryclemente/dev/Mosh/Redux/redux-starter/src/store/users.js": {"path":"/Users/harryclemente/dev/Mosh/Redux/redux-starter/src/store/users.js","statementMap":{"0":{"start":{"line":3,"column":13},"end":{"line":3,"column":14}},"1":{"start":{"line":5,"column":14},"end":{"line":17,"column":2}},"2":{"start":{"line":11,"column":6},"end":{"line":14,"column":9}},"3":{"start":{"line":19,"column":29},"end":{"line":19,"column":42}}},"fnMap":{"0":{"name":"(anonymous_0)","decl":{"start":{"line":10,"column":15},"end":{"line":10,"column":16}},"loc":{"start":{"line":10,"column":34},"end":{"line":15,"column":5}},"line":10}},"branchMap":{},"s":{"0":1,"1":1,"2":0,"3":1},"f":{"0":0},"b":{},"_coverageSchema":"1a1c01bbd47fc00a2c39e90264f33305004495a9","hash":"e9f4423aebd162b1e1162fe30f89b1a5f8098506"}
,"/Users/harryclemente/dev/Mosh/Redux/redux-starter/src/store/middleware/api.js": {"path":"/Users/harryclemente/dev/Mosh/Redux/redux-starter/src/store/middleware/api.js","statementMap":{"0":{"start":{"line":5,"column":12},"end":{"line":34,"column":1}},"1":{"start":{"line":5,"column":30},"end":{"line":34,"column":1}},"2":{"start":{"line":5,"column":38},"end":{"line":34,"column":1}},"3":{"start":{"line":6,"column":2},"end":{"line":6,"column":68}},"4":{"start":{"line":6,"column":48},"end":{"line":6,"column":68}},"5":{"start":{"line":10,"column":61},"end":{"line":10,"column":75}},"6":{"start":{"line":12,"column":2},"end":{"line":12,"column":43}},"7":{"start":{"line":12,"column":15},"end":{"line":12,"column":43}},"8":{"start":{"line":14,"column":2},"end":{"line":14,"column":15}},"9":{"start":{"line":16,"column":2},"end":{"line":32,"column":3}},"10":{"start":{"line":17,"column":21},"end":{"line":22,"column":6}},"11":{"start":{"line":24,"column":4},"end":{"line":24,"column":52}},"12":{"start":{"line":26,"column":4},"end":{"line":26,"column":59}},"13":{"start":{"line":29,"column":4},"end":{"line":29,"column":51}},"14":{"start":{"line":31,"column":4},"end":{"line":31,"column":70}},"15":{"start":{"line":31,"column":17},"end":{"line":31,"column":70}}},"fnMap":{"0":{"name":"(anonymous_0)","decl":{"start":{"line":5,"column":12},"end":{"line":5,"column":13}},"loc":{"start":{"line":5,"column":30},"end":{"line":34,"column":1}},"line":5},"1":{"name":"(anonymous_1)","decl":{"start":{"line":5,"column":30},"end":{"line":5,"column":31}},"loc":{"start":{"line":5,"column":38},"end":{"line":34,"column":1}},"line":5},"2":{"name":"(anonymous_2)","decl":{"start":{"line":5,"column":38},"end":{"line":5,"column":39}},"loc":{"start":{"line":5,"column":54},"end":{"line":34,"column":1}},"line":5}},"branchMap":{"0":{"loc":{"start":{"line":6,"column":2},"end":{"line":6,"column":68}},"type":"if","locations":[{"start":{"line":6,"column":2},"end":{"line":6,"column":68}},{"start":{"line":6,"column":2},"end":{"line":6,"column":68}}],"line":6},"1":{"loc":{"start":{"line":12,"column":2},"end":{"line":12,"column":43}},"type":"if","locations":[{"start":{"line":12,"column":2},"end":{"line":12,"column":43}},{"start":{"line":12,"column":2},"end":{"line":12,"column":43}}],"line":12},"2":{"loc":{"start":{"line":31,"column":4},"end":{"line":31,"column":70}},"type":"if","locations":[{"start":{"line":31,"column":4},"end":{"line":31,"column":70}},{"start":{"line":31,"column":4},"end":{"line":31,"column":70}}],"line":31}},"s":{"0":1,"1":4,"2":4,"3":16,"4":10,"5":6,"6":6,"7":0,"8":6,"9":6,"10":6,"11":4,"12":4,"13":2,"14":2,"15":0},"f":{"0":4,"1":4,"2":16},"b":{"0":[10,6],"1":[0,6],"2":[0,2]},"_coverageSchema":"1a1c01bbd47fc00a2c39e90264f33305004495a9","hash":"41c97b4dcb1ecb4e1affff9c9f717e85456f13db"}
,"/Users/harryclemente/dev/Mosh/Redux/redux-starter/src/store/middleware/logger.js": {"path":"/Users/harryclemente/dev/Mosh/Redux/redux-starter/src/store/middleware/logger.js","statementMap":{"0":{"start":{"line":3,"column":15},"end":{"line":9,"column":1}},"1":{"start":{"line":3,"column":24},"end":{"line":9,"column":1}},"2":{"start":{"line":3,"column":33},"end":{"line":9,"column":1}},"3":{"start":{"line":3,"column":41},"end":{"line":9,"column":1}},"4":{"start":{"line":4,"column":2},"end":{"line":4,"column":32}},"5":{"start":{"line":7,"column":2},"end":{"line":7,"column":22}}},"fnMap":{"0":{"name":"(anonymous_0)","decl":{"start":{"line":3,"column":15},"end":{"line":3,"column":16}},"loc":{"start":{"line":3,"column":24},"end":{"line":9,"column":1}},"line":3},"1":{"name":"(anonymous_1)","decl":{"start":{"line":3,"column":24},"end":{"line":3,"column":25}},"loc":{"start":{"line":3,"column":33},"end":{"line":9,"column":1}},"line":3},"2":{"name":"(anonymous_2)","decl":{"start":{"line":3,"column":33},"end":{"line":3,"column":34}},"loc":{"start":{"line":3,"column":41},"end":{"line":9,"column":1}},"line":3},"3":{"name":"(anonymous_3)","decl":{"start":{"line":3,"column":41},"end":{"line":3,"column":42}},"loc":{"start":{"line":3,"column":51},"end":{"line":9,"column":1}},"line":3}},"branchMap":{},"s":{"0":1,"1":0,"2":0,"3":0,"4":0,"5":0},"f":{"0":0,"1":0,"2":0,"3":0},"b":{},"_coverageSchema":"1a1c01bbd47fc00a2c39e90264f33305004495a9","hash":"36fe5233ef5c3734d029f74acaf892af17ba9d6d"}
,"/Users/harryclemente/dev/Mosh/Redux/redux-starter/src/store/middleware/toast.js": {"path":"/Users/harryclemente/dev/Mosh/Redux/redux-starter/src/store/middleware/toast.js","statementMap":{"0":{"start":{"line":1,"column":14},"end":{"line":6,"column":1}},"1":{"start":{"line":1,"column":23},"end":{"line":6,"column":1}},"2":{"start":{"line":1,"column":31},"end":{"line":6,"column":1}},"3":{"start":{"line":2,"column":2},"end":{"line":5,"column":23}},"4":{"start":{"line":3,"column":4},"end":{"line":3,"column":51}},"5":{"start":{"line":5,"column":4},"end":{"line":5,"column":23}}},"fnMap":{"0":{"name":"(anonymous_0)","decl":{"start":{"line":1,"column":14},"end":{"line":1,"column":15}},"loc":{"start":{"line":1,"column":23},"end":{"line":6,"column":1}},"line":1},"1":{"name":"(anonymous_1)","decl":{"start":{"line":1,"column":23},"end":{"line":1,"column":24}},"loc":{"start":{"line":1,"column":31},"end":{"line":6,"column":1}},"line":1},"2":{"name":"(anonymous_2)","decl":{"start":{"line":1,"column":31},"end":{"line":1,"column":32}},"loc":{"start":{"line":1,"column":41},"end":{"line":6,"column":1}},"line":1}},"branchMap":{"0":{"loc":{"start":{"line":2,"column":2},"end":{"line":5,"column":23}},"type":"if","locations":[{"start":{"line":2,"column":2},"end":{"line":5,"column":23}},{"start":{"line":2,"column":2},"end":{"line":5,"column":23}}],"line":2}},"s":{"0":1,"1":4,"2":4,"3":16,"4":0,"5":16},"f":{"0":4,"1":4,"2":16},"b":{"0":[0,16]},"_coverageSchema":"1a1c01bbd47fc00a2c39e90264f33305004495a9","hash":"d29ed2f67810a600da818f98b9ad3b4b66fd30f4"}
}
